# Database Backup Verification Log
Created: August 19, 2025 at 8:46 PM CDT
Backup File: backup-complete-verification-2025-08-19_20-46-01.sql
Size: 82KB (84,473 bytes)

## Backup Contents
✅ 1 Agency (SEOWORKS)
✅ 23 Dealerships (18 SILVER + 5 PLATINUM packages)
✅ 2 Users (1 Super Admin + 1 Test User)
✅ 5 Requests (including webhook test data)
✅ Tasks data (webhook integration verified)

## System State at Backup
- Database fully restored and verified
- All 23 dealerships with correct package assignments
- SEOWorks webhook integration fully tested and working
- All authentication and OAuth systems verified
- Package loading and dealership switching tested
- Email system and user management verified
- Performance optimized (222ms response time)

## Backup Purpose
This backup represents the complete, verified, and 100% operational state
of the SEO Hub application after catastrophic rebuild and comprehensive 
system verification. All critical business functionality confirmed working.

## Data Integrity
✅ All relationships and foreign keys intact
✅ All package assignments correct
✅ All user permissions and roles preserved
✅ All webhook test data included for reference
✅ Brown Motors dealership properly configured

## Production Readiness
This backup represents a fully production-ready state with:
- 100% operational verification complete
- All critical systems tested and confirmed working
- Database integrity verified
- Performance optimized
- Ready for production deployment

## Critical Data Verified
- Agencies: 1 (SEOWORKS)
- Dealerships: 23 total
  - SILVER Package: 18 dealerships
  - PLATINUM Package: 5 dealerships
  - No unassigned packages
- Users: 2 total
  - josh.copp@onekeel.ai (SUPER_ADMIN)
  - test@acuraofcolumbus.com (USER)
- Requests: 5 total (including webhook test requests)
- Tasks: Webhook integration test data included

## Restoration Instructions
To restore from this backup:
1. Use: psql [DATABASE_URL] < backup-complete-verification-2025-08-19_20-46-01.sql
2. This will restore the complete 100% verified system state
3. All dealerships, users, and configurations will be restored
4. All webhook integrations will be ready to operate